\BOOKMARK [0][-]{chapter.1}{\376\377\136\217\212\000}{}% 1
\BOOKMARK [1][-]{section.1.1}{\376\377\121\163\116\216}{chapter.1}% 2
\BOOKMARK [2][-]{subsection.1.1.1}{\376\377\172\172\225\364\155\101\210\114\165\305\133\146}{section.1.1}% 3
\BOOKMARK [0][-]{chapter.2}{\376\377\172\172\225\364\155\101\210\114\165\305\133\146}{}% 4
\BOOKMARK [1][-]{section.2.1}{\376\377\145\366\172\172\117\040\144\255\211\304\137\213}{chapter.2}% 5
\BOOKMARK [2][-]{subsection.2.1.1}{\376\377\133\144\172\313\116\272\123\343\116\055\155\101\210\114\165\305\117\040\144\255\166\204\136\102\137\213\122\006\136\003}{section.2.1}% 6
\BOOKMARK [2][-]{subsection.2.1.2}{\376\377\215\350\134\072\136\246\116\272\123\343\122\250\122\233\133\146\137\227\121\161\165\037\124\070\137\025\133\120\377\032\117\046\145\146\166\204\236\273\213\312\165\305\117\213}{section.2.1}% 7
\BOOKMARK [1][-]{section.2.2}{\376\377\131\047\172\172\225\364\134\072\136\246\166\204\127\060\164\006\133\146\225\356\230\230}{chapter.2}% 8
\BOOKMARK [2][-]{subsection.2.2.1}{\376\377\236\273\165\271\210\114\154\342\166\204\137\072\217\353\147\227\160\153\152\041\127\213}{section.2.2}% 9
\BOOKMARK [2][-]{subsection.2.2.2}{\376\377\000f\000r\000o\000m\000\040\000i\000n\000d\000i\000v\000i\000d\000u\000a\000l\000s\000\040\000t\000o\000\040\000e\000p\000i\000d\000e\000m\000i\000c\000s}{section.2.2}% 10
\BOOKMARK [0][-]{chapter.3}{\376\377\177\121\176\334\137\071\140\047}{}% 11
\BOOKMARK [0][-]{chapter.4}{\376\377\157\024\123\026\177\121\176\334}{}% 12
\BOOKMARK [1][-]{section.4.1}{\376\377\000E\000s\000s\000e\000n\000t\000i\000a\000l\000s}{chapter.4}% 13
\BOOKMARK [2][-]{subsection.4.1.1}{\376\377\226\062\203\003\141\017\213\306\133\371\226\217\147\072\177\121\176\334\116\012\166\204\165\276\165\305\117\040\144\255\166\204\137\161\124\315}{section.4.1}% 14
\BOOKMARK [2][-]{subsection.4.1.2}{\376\377\120\117\131\175\116\016\127\060\164\006\133\371\155\101\210\114\165\305\117\040\144\255\166\204\137\161\124\315}{section.4.1}% 15
\BOOKMARK [2][-]{subsection.4.1.3}{\376\377\000E\000p\000i\000d\000e\000m\000i\000c\000\040\000t\000h\000r\000e\000s\000h\000o\000l\000d\000s\000\040\000i\000n\000\040\000d\000y\000n\000a\000m\000i\000c\000\040\000c\000o\000n\000t\000a\000c\000t\000\040\000n\000e\000t\000w\000o\000r\000k\000s}{section.4.1}% 16
\BOOKMARK [1][-]{section.4.2}{\376\377\226\217\147\072\126\376\116\012\165\276\165\305\124\214\117\341\140\157\166\204\117\040\144\255}{chapter.4}% 17
\BOOKMARK [2][-]{subsection.4.2.1}{\376\377\220\002\133\232\140\047\177\121\176\334\116\012\166\204\155\101\210\114\165\305\122\250\140\001}{section.4.2}% 18
\BOOKMARK [1][-]{section.4.3}{\376\377\147\054\172\340\000I\000d\000e\000a\000s}{chapter.4}% 19
\BOOKMARK [2][-]{subsection.4.3.1}{\376\377\142\064\123\343\177\151\166\204\157\024\123\026\123\132\137\010}{section.4.3}% 20
\BOOKMARK [0][-]{chapter.5}{\376\377\116\272\174\173\171\373\122\250\140\047}{}% 21
\BOOKMARK [1][-]{section.5.1}{\376\377\176\317\121\170\152\041\127\213}{chapter.5}% 22
\BOOKMARK [2][-]{subsection.5.1.1}{\376\377\221\315\122\233\152\041\127\213}{section.5.1}% 23
\BOOKMARK [2][-]{subsection.5.1.2}{\376\377\217\220\134\004\152\041\127\213\000/\116\313\121\145\147\072\117\032\377\010\000I\000O\377\011\152\041\127\213}{section.5.1}% 24
\BOOKMARK [0][-]{chapter.6}{\376\377\122\006\135\345\166\204\137\142\142\020}{}% 25
\BOOKMARK [1][-]{section.6.1}{\376\377\000F\000i\000t\000n\000e\000s\000s}{chapter.6}% 26
\BOOKMARK [0][-]{chapter.7}{\376\377\162\151\164\006\152\041\127\213}{}% 27
\BOOKMARK [1][-]{section.7.1}{\376\377\220\032\217\307\121\340\117\125\221\315\153\143\123\026\133\371\167\037\133\236\177\121\176\334\217\333\210\114\131\032\134\072\136\246\134\125\137\000}{chapter.7}% 28
\BOOKMARK [2][-]{subsection.7.1.1}{\376\377\167\037\133\236\177\121\176\334\116\055\121\340\117\125\150\007\136\246\133\130\127\050\166\204\213\301\143\156}{section.7.1}% 29
\BOOKMARK [1][-]{section.7.2}{\376\377\172\172\225\364\177\121\176\334\166\204\150\007\136\246\137\213}{chapter.7}% 30
\BOOKMARK [0][-]{chapter.8}{\376\377\121\205\123\167\123\026}{}% 31
\BOOKMARK [1][-]{section.8.1}{\376\377\116\313\145\160\116\055\137\303\140\047}{chapter.8}% 32
\BOOKMARK [1][-]{section.8.2}{\376\377\217\333\123\026\122\250\122\233\133\146}{chapter.8}% 33
\BOOKMARK [1][-]{section.8.3}{\376\377\000G\000r\000o\000w\000t\000h\000\040\000m\000o\000d\000e\000l\000s}{chapter.8}% 34
\BOOKMARK [2][-]{subsection.8.3.1}{\376\377\000P\000r\000o\000t\000o\000c\000o\000l\377\032\000s\000p\000a\000t\000i\000a\000l\000-\000c\000o\000n\000s\000t\000r\000a\000i\000n\000e\000d\000\040\000a\000t\000t\000a\000c\000h\000m\000e\000n\000t}{section.8.3}% 35
\BOOKMARK [2][-]{subsection.8.3.2}{\376\377\211\343\147\220}{section.8.3}% 36
\BOOKMARK [2][-]{subsection.8.3.3}{\376\377\215\337\167\037\133\236\176\323\147\234\116\015\173\046\124\010\377\037\130\236\122\240\116\000\116\052\123\302\145\160}{section.8.3}% 37
\BOOKMARK [0][-]{chapter.9}{\376\377\116\272\123\343\122\250\122\233\133\146}{}% 38
\BOOKMARK [0][-]{chapter.10}{\376\377\000I\000d\000e\000a\000s}{}% 39
\BOOKMARK [1][-]{section.10.1}{\376\377\165\276\165\305\117\040\144\255\116\013\166\204\000A\000l\000l\000e\000e\000\040\000T\000h\000r\000e\000s\000h\000o\000l\000d}{chapter.10}% 40
\BOOKMARK [1][-]{section.10.2}{\376\377\127\316\136\002\155\101\221\317\230\204\155\113\377\032\000M\000a\000r\000k\000o\000v\000\040\000C\000h\000a\000i\000n\124\214\165\065\177\121}{chapter.10}% 41
\BOOKMARK [0][-]{chapter.11}{\376\377\121\231\117\134\140\073\176\323}{}% 42
\BOOKMARK [1][-]{section.11.1}{\376\377\144\130\211\201\116\016\137\025\212\000}{chapter.11}% 43
